<?xml version="1.0" encoding="UTF-8"?>
<!-- Generated by org.testng.reporters.JUnitXMLReporter -->
<testsuite ignored="0" hostname="MAA125CD0141R61" failures="0" tests="4" name="Default test" time="25.83" errors="0" timestamp="2022-03-24T19:35:41 IST">
  <testcase classname="practice.seleniump" name="launch" time="10.171"/>
  <testcase classname="practice.seleniump" name="launch" time="5.932"/>
  <testcase classname="practice.seleniump" name="launch" time="4.702"/>
  <testcase classname="practice.seleniump" name="launch" time="4.949"/>
</testsuite> <!-- Default test -->
