<?xml version="1.0" encoding="UTF-8"?>
<testng-results ignored="0" total="4" passed="4" failed="0" skipped="0">
  <reporter-output>
  </reporter-output>
  <suite started-at="2022-03-24T19:35:15 IST" name="Default suite" finished-at="2022-03-24T19:35:41 IST" duration-ms="25830">
    <groups>
    </groups>
    <test started-at="2022-03-24T19:35:15 IST" name="Default test" finished-at="2022-03-24T19:35:41 IST" duration-ms="25830">
      <class name="practice.seleniump">
        <test-method signature="launch(java.lang.String,java.lang.String)[pri:0, instance:practice.seleniump@7b9a4292]" started-at="2022-03-24T19:35:16 IST" name="launch" data-provider="login" finished-at="2022-03-24T19:35:26 IST" duration-ms="10171" status="PASS">
          <params>
            <param index="0">
              <value>
                <![CDATA[des@gmail.com]]>
              </value>
            </param>
            <param index="1">
              <value>
                <![CDATA[1234]]>
              </value>
            </param>
          </params>
          <reporter-output>
          </reporter-output>
        </test-method> <!-- launch -->
        <test-method signature="launch(java.lang.String,java.lang.String)[pri:0, instance:practice.seleniump@7b9a4292]" started-at="2022-03-24T19:35:26 IST" name="launch" data-provider="login" finished-at="2022-03-24T19:35:32 IST" duration-ms="5932" status="PASS">
          <params>
            <param index="0">
              <value>
                <![CDATA[des@gmail.com]]>
              </value>
            </param>
            <param index="1">
              <value>
                <![CDATA[1234]]>
              </value>
            </param>
          </params>
          <reporter-output>
          </reporter-output>
        </test-method> <!-- launch -->
        <test-method signature="launch(java.lang.String,java.lang.String)[pri:0, instance:practice.seleniump@7b9a4292]" started-at="2022-03-24T19:35:32 IST" name="launch" data-provider="login" finished-at="2022-03-24T19:35:36 IST" duration-ms="4702" status="PASS">
          <params>
            <param index="0">
              <value>
                <![CDATA[des@gmail.com]]>
              </value>
            </param>
            <param index="1">
              <value>
                <![CDATA[123]]>
              </value>
            </param>
          </params>
          <reporter-output>
          </reporter-output>
        </test-method> <!-- launch -->
        <test-method signature="launch(java.lang.String,java.lang.String)[pri:0, instance:practice.seleniump@7b9a4292]" started-at="2022-03-24T19:35:36 IST" name="launch" data-provider="login" finished-at="2022-03-24T19:35:41 IST" duration-ms="4949" status="PASS">
          <params>
            <param index="0">
              <value>
                <![CDATA[des@gmail.com]]>
              </value>
            </param>
            <param index="1">
              <value>
                <![CDATA[123]]>
              </value>
            </param>
          </params>
          <reporter-output>
          </reporter-output>
        </test-method> <!-- launch -->
      </class> <!-- practice.seleniump -->
    </test> <!-- Default test -->
  </suite> <!-- Default suite -->
</testng-results>
